<?xml version="1.0" encoding="UTF-8"?>
<testng-results skipped="0" failed="1" total="2" passed="1">
  <reporter-output>
  </reporter-output>
  <suite name="Default suite" duration-ms="4892" started-at="2016-02-16T02:01:14Z" finished-at="2016-02-16T02:01:19Z">
    <groups>
      <group name="ApplicationDaoTests">
        <method signature="ApplicationDaoTest.testCaseForApplicationStudentInformation()[pri:0, instance:cs520.model.dao.ApplicationDaoTest@21072f13]" name="testCaseForApplicationStudentInformation" class="cs520.model.dao.ApplicationDaoTest"/>
        <method signature="ApplicationDaoTest.testCaseForApplicationsSubmittedForDepartment()[pri:0, instance:cs520.model.dao.ApplicationDaoTest@21072f13]" name="testCaseForApplicationsSubmittedForDepartment" class="cs520.model.dao.ApplicationDaoTest"/>
      </group> <!-- ApplicationDaoTests -->
    </groups>
    <test name="Default test" duration-ms="4892" started-at="2016-02-16T02:01:14Z" finished-at="2016-02-16T02:01:19Z">
      <class name="cs520.model.dao.ApplicationDaoTest">
        <test-method status="PASS" signature="springTestContextBeforeTestClass()[pri:0, instance:cs520.model.dao.ApplicationDaoTest@21072f13]" test-instance-name="" name="springTestContextBeforeTestClass" is-config="true" duration-ms="22" started-at="2016-02-15T18:01:14Z" finished-at="2016-02-15T18:01:14Z">
          <reporter-output>
          </reporter-output>
        </test-method> <!-- springTestContextBeforeTestClass -->
        <test-method name="springTestContextPrepareTestInstance" test-instance-name="" signature="springTestContextPrepareTestInstance()[pri:0, instance:cs520.model.dao.ApplicationDaoTest@21072f13]" is-config="true" status="PASS" duration-ms="4235" finished-at="2016-02-15T18:01:18Z" started-at="2016-02-15T18:01:14Z" depends-on-methods="org.springframework.test.context.testng.AbstractTestNGSpringContextTests.springTestContextBeforeTestClass">
          <reporter-output>
          </reporter-output>
        </test-method> <!-- springTestContextPrepareTestInstance -->
        <test-method status="PASS" signature="springTestContextBeforeTestMethod(java.lang.reflect.Method)[pri:0, instance:cs520.model.dao.ApplicationDaoTest@21072f13]" test-instance-name="" name="springTestContextBeforeTestMethod" is-config="true" duration-ms="132" started-at="2016-02-15T18:01:18Z" finished-at="2016-02-15T18:01:18Z">
          <params>
            <param index="0">
              <value>
                <![CDATA[public void cs520.model.dao.ApplicationDaoTest.testCaseForApplicationStudentInformation()]]>
              </value>
            </param>
          </params>
          <reporter-output>
          </reporter-output>
        </test-method> <!-- springTestContextBeforeTestMethod -->
        <test-method status="PASS" signature="testCaseForApplicationStudentInformation()[pri:0, instance:cs520.model.dao.ApplicationDaoTest@21072f13]" test-instance-name="" name="testCaseForApplicationStudentInformation" duration-ms="392" started-at="2016-02-15T18:01:18Z" finished-at="2016-02-15T18:01:19Z">
          <reporter-output>
          </reporter-output>
        </test-method> <!-- testCaseForApplicationStudentInformation -->
        <test-method status="PASS" signature="springTestContextAfterTestMethod(java.lang.reflect.Method)[pri:0, instance:cs520.model.dao.ApplicationDaoTest@21072f13]" test-instance-name="" name="springTestContextAfterTestMethod" is-config="true" duration-ms="12" started-at="2016-02-15T18:01:19Z" finished-at="2016-02-15T18:01:19Z">
          <params>
            <param index="0">
              <value>
                <![CDATA[public void cs520.model.dao.ApplicationDaoTest.testCaseForApplicationStudentInformation()]]>
              </value>
            </param>
          </params>
          <reporter-output>
          </reporter-output>
        </test-method> <!-- springTestContextAfterTestMethod -->
        <test-method status="PASS" signature="springTestContextBeforeTestMethod(java.lang.reflect.Method)[pri:0, instance:cs520.model.dao.ApplicationDaoTest@21072f13]" test-instance-name="" name="springTestContextBeforeTestMethod" is-config="true" duration-ms="8" started-at="2016-02-15T18:01:19Z" finished-at="2016-02-15T18:01:19Z">
          <params>
            <param index="0">
              <value>
                <![CDATA[public void cs520.model.dao.ApplicationDaoTest.testCaseForApplicationsSubmittedForDepartment()]]>
              </value>
            </param>
          </params>
          <reporter-output>
          </reporter-output>
        </test-method> <!-- springTestContextBeforeTestMethod -->
        <test-method status="FAIL" signature="testCaseForApplicationsSubmittedForDepartment()[pri:0, instance:cs520.model.dao.ApplicationDaoTest@21072f13]" test-instance-name="" name="testCaseForApplicationsSubmittedForDepartment" duration-ms="43" started-at="2016-02-15T18:01:19Z" finished-at="2016-02-15T18:01:19Z">
          <exception class="java.lang.AssertionError">
            <full-stacktrace>
              <![CDATA[java.lang.AssertionError
	at cs520.model.dao.ApplicationDaoTest.testCaseForApplicationsSubmittedForDepartment(ApplicationDaoTest.java:51)
	at sun.reflect.NativeMethodAccessorImpl.invoke0(Native Method)
	at sun.reflect.NativeMethodAccessorImpl.invoke(NativeMethodAccessorImpl.java:57)
	at sun.reflect.DelegatingMethodAccessorImpl.invoke(DelegatingMethodAccessorImpl.java:43)
	at java.lang.reflect.Method.invoke(Method.java:606)
	at org.testng.internal.MethodInvocationHelper.invokeMethod(MethodInvocationHelper.java:86)
	at org.testng.internal.MethodInvocationHelper$1.runTestMethod(MethodInvocationHelper.java:197)
	at org.springframework.test.context.testng.AbstractTestNGSpringContextTests.run(AbstractTestNGSpringContextTests.java:175)
	at org.testng.internal.MethodInvocationHelper.invokeHookable(MethodInvocationHelper.java:209)
	at org.testng.internal.Invoker.invokeMethod(Invoker.java:639)
	at org.testng.internal.Invoker.invokeTestMethod(Invoker.java:820)
	at org.testng.internal.Invoker.invokeTestMethods(Invoker.java:1128)
	at org.testng.internal.TestMethodWorker.invokeTestMethods(TestMethodWorker.java:129)
	at org.testng.internal.TestMethodWorker.run(TestMethodWorker.java:112)
	at org.testng.TestRunner.privateRun(TestRunner.java:782)
	at org.testng.TestRunner.run(TestRunner.java:632)
	at org.testng.SuiteRunner.runTest(SuiteRunner.java:366)
	at org.testng.SuiteRunner.runSequentially(SuiteRunner.java:361)
	at org.testng.SuiteRunner.privateRun(SuiteRunner.java:319)
	at org.testng.SuiteRunner.run(SuiteRunner.java:268)
	at org.testng.SuiteRunnerWorker.runSuite(SuiteRunnerWorker.java:52)
	at org.testng.SuiteRunnerWorker.run(SuiteRunnerWorker.java:86)
	at org.testng.TestNG.runSuitesSequentially(TestNG.java:1244)
	at org.testng.TestNG.runSuitesLocally(TestNG.java:1169)
	at org.testng.TestNG.run(TestNG.java:1064)
	at org.testng.remote.RemoteTestNG.run(RemoteTestNG.java:113)
	at org.testng.remote.RemoteTestNG.initAndRun(RemoteTestNG.java:206)
	at org.testng.remote.RemoteTestNG.main(RemoteTestNG.java:177)
]]>
            </full-stacktrace>
          </exception> <!-- java.lang.AssertionError -->
          <reporter-output>
          </reporter-output>
        </test-method> <!-- testCaseForApplicationsSubmittedForDepartment -->
        <test-method status="PASS" signature="springTestContextAfterTestMethod(java.lang.reflect.Method)[pri:0, instance:cs520.model.dao.ApplicationDaoTest@21072f13]" test-instance-name="" name="springTestContextAfterTestMethod" is-config="true" duration-ms="6" started-at="2016-02-15T18:01:19Z" finished-at="2016-02-15T18:01:19Z">
          <params>
            <param index="0">
              <value>
                <![CDATA[public void cs520.model.dao.ApplicationDaoTest.testCaseForApplicationsSubmittedForDepartment()]]>
              </value>
            </param>
          </params>
          <reporter-output>
          </reporter-output>
        </test-method> <!-- springTestContextAfterTestMethod -->
        <test-method status="PASS" signature="springTestContextAfterTestClass()[pri:0, instance:cs520.model.dao.ApplicationDaoTest@21072f13]" test-instance-name="" name="springTestContextAfterTestClass" is-config="true" duration-ms="1" started-at="2016-02-15T18:01:19Z" finished-at="2016-02-15T18:01:19Z">
          <reporter-output>
          </reporter-output>
        </test-method> <!-- springTestContextAfterTestClass -->
      </class> <!-- cs520.model.dao.ApplicationDaoTest -->
    </test> <!-- Default test -->
  </suite> <!-- Default suite -->
</testng-results>
